Using pre-set license
Built from '2020.3/release' branch; Version is '2020.3.12f1 (b3b2c6512326) revision 11776710'; Using compiler version '192528614'; Build Type 'Release'
OS: 'Windows 10 Home Single Language; OS build 22000.1455; Version 2009; 64bit' Language: 'en' Physical Memory: 7863 MB
BatchMode: 1, IsHumanControllingUs: 0, StartBugReporterOnCrash: 0, Is64bit: 1, IsPro: 0

 COMMAND LINE ARGUMENTS:
D:\ayush_unity\installs\2020.3.12f1\Editor\Unity.exe
-adb2
-batchMode
-noUpm
-name
AssetImportWorker0
-projectPath
D:/ayush_unity/projects/ardementia
-logFile
Logs/AssetImportWorker0.log
-srvPort
56559
Successfully changed project path to: D:/ayush_unity/projects/ardementia
D:/ayush_unity/projects/ardementia
Using Asset Import Pipeline V2.
Refreshing native plugins compatible for Editor in 171.53 ms, found 2 plugins.
Preloading 0 native plugins for Editor in 0.00 ms.
Initialize engine version: 2020.3.12f1 (b3b2c6512326)
[Subsystems] Discovering subsystems at path D:/ayush_unity/installs/2020.3.12f1/Editor/Data/Resources/UnitySubsystems
[Subsystems] Discovering subsystems at path D:/ayush_unity/projects/ardementia/Assets
GfxDevice: creating device client; threaded=0
Direct3D:
    Version:  Direct3D 11.0 [level 11.1]
    Renderer: Intel(R) Iris(R) Xe Graphics (ID=0x46a6)
    Vendor:   
    VRAM:     3931 MB
    Driver:   30.0.101.1660
Initialize mono
Mono path[0] = 'D:/ayush_unity/installs/2020.3.12f1/Editor/Data/Managed'
Mono path[1] = 'D:/ayush_unity/installs/2020.3.12f1/Editor/Data/MonoBleedingEdge/lib/mono/unityjit'
Mono config path = 'D:/ayush_unity/installs/2020.3.12f1/Editor/Data/MonoBleedingEdge/etc'
Using monoOptions --debugger-agent=transport=dt_socket,embedding=1,server=y,suspend=n,address=127.0.0.1:56480
Begin MonoManager ReloadAssembly
Registering precompiled unity dll's ...
Register platform support module: D:/ayush_unity/installs/2020.3.12f1/Editor/Data/PlaybackEngines/WindowsStandaloneSupport/UnityEditor.WindowsStandalone.Extensions.dll
Registered in 0.004642 seconds.
Native extension for WindowsStandalone target not found
Refreshing native plugins compatible for Editor in 33.04 ms, found 2 plugins.
Preloading 0 native plugins for Editor in 0.00 ms.
Mono: successfully reloaded assembly
- Completed reload, in  6.643 seconds
Platform modules already initialized, skipping
Registering precompiled user dll's ...
Registered in 0.006982 seconds.
Begin MonoManager ReloadAssembly
Native extension for WindowsStandalone target not found
Refreshing native plugins compatible for Editor in 0.57 ms, found 2 plugins.
Preloading 0 native plugins for Editor in 0.00 ms.
Mono: successfully reloaded assembly
- Completed reload, in  1.524 seconds
Platform modules already initialized, skipping
========================================================================
Worker process is ready to serve import requests
Launched and connected shader compiler UnityShaderCompiler.exe after 0.09 seconds
Refreshing native plugins compatible for Editor in 0.40 ms, found 2 plugins.
Preloading 0 native plugins for Editor in 0.00 ms.
Unloading 1799 Unused Serialized files (Serialized files now loaded: 0)
System memory in use before: 78.5 MB.
System memory in use after: 78.5 MB.

Unloading 21 unused Assets to reduce memory usage. Loaded Objects now: 2233.
Total: 2.823700 ms (FindLiveObjects: 0.141700 ms CreateObjectMapping: 0.041200 ms MarkObjects: 2.500300 ms  DeleteObjects: 0.139100 ms)

AssetImportParameters requested are different than current active one (requested -> active):
  custom:framework-win-MediaFoundation: 216162199b28c13a410421893ffa2e32 -> 
  custom:video-decoder-ogg-theora: a1e56fd34408186e4bbccfd4996cb3dc -> 
  custom:container-muxer-webm: aa71ff27fc2769a1b78a27578f13a17b -> 
  custom:container-demuxer-webm: 4f35f7cbe854078d1ac9338744f61a02 -> 
  custom:container-demuxer-ogg: 62fdf1f143b41e24485cea50d1cbac27 -> 
  custom:video-encoder-webm-vp8: eb34c28f22e8b96e1ab97ce403110664 -> 
  custom:video-decoder-webm-vp8: 9c59270c3fd7afecdb556c50c9e8de78 -> 
  custom:audio-decoder-ogg-vorbis: bf7c407c2cedff20999df2af8eb42d56 -> 
  custom:audio-encoder-webm-vorbis: bf7c407c2cedff20999df2af8eb42d56 -> 
========================================================================
Received Import Request.
  path: Assets/prefab/Visual.prefab
  artifactKey: Guid(37bb321f02243914e8805557e6e9f36b) Importer(815301076,1909f56bfc062723c751e8b465ee728b)
Start importing Assets/prefab/Visual.prefab using Guid(37bb321f02243914e8805557e6e9f36b) Importer(815301076,1909f56bfc062723c751e8b465ee728b)  -> (artifact id: '65cb1724df53aa7bb9d9a8f7855963a9') in 0.371054 seconds 
  Import took 0.380813 seconds .

========================================================================
Received Import Request.
  Time since last request: 3657.973763 seconds.
  path: Assets/button_they-have-trouble-working-with-others-in-group-activities.png
  artifactKey: Guid(ae03e0b486980ad439bea14ea1aff0da) Importer(815301076,1909f56bfc062723c751e8b465ee728b)
Start importing Assets/button_they-have-trouble-working-with-others-in-group-activities.png using Guid(ae03e0b486980ad439bea14ea1aff0da) Importer(815301076,1909f56bfc062723c751e8b465ee728b)  -> (artifact id: '8a36042088f6528d65ae7e259d10cdf8') in 0.585998 seconds 
  Import took 0.720577 seconds .

========================================================================
Received Import Request.
  Time since last request: 15.035402 seconds.
  path: Assets/button_never-true.png
  artifactKey: Guid(73b78344e62c4a84884251434a2112f9) Importer(815301076,1909f56bfc062723c751e8b465ee728b)
Start importing Assets/button_never-true.png using Guid(73b78344e62c4a84884251434a2112f9) Importer(815301076,1909f56bfc062723c751e8b465ee728b)  -> (artifact id: '4c7a23fd43ffde58718c33f06af75c1b') in 0.028796 seconds 
  Import took 0.034085 seconds .

========================================================================
Received Import Request.
  Time since last request: 0.001719 seconds.
  path: Assets/button_true-both-now-when-younger.png
  artifactKey: Guid(1b878c60521fe824a964bbac0a318de9) Importer(815301076,1909f56bfc062723c751e8b465ee728b)
Start importing Assets/button_true-both-now-when-younger.png using Guid(1b878c60521fe824a964bbac0a318de9) Importer(815301076,1909f56bfc062723c751e8b465ee728b)  -> (artifact id: '267aece271565d2127454a850100dc51') in 0.029772 seconds 
  Import took 0.035280 seconds .

========================================================================
Received Import Request.
  Time since last request: 0.000767 seconds.
  path: Assets/button_they-have-a-hard-time-figuring-out-what-others-expect-of-them.png
  artifactKey: Guid(935db90d8900528429e68f4e6e632868) Importer(815301076,1909f56bfc062723c751e8b465ee728b)
Start importing Assets/button_they-have-a-hard-time-figuring-out-what-others-expect-of-them.png using Guid(935db90d8900528429e68f4e6e632868) Importer(815301076,1909f56bfc062723c751e8b465ee728b)  -> (artifact id: '28c8670f3584f221f513492bc4a65ddc') in 0.026327 seconds 
  Import took 0.034032 seconds .

========================================================================
Received Import Request.
  Time since last request: 0.000435 seconds.
  path: Assets/button_true-only-now.png
  artifactKey: Guid(1bd5f1330a931d94b9b76a1972103810) Importer(815301076,1909f56bfc062723c751e8b465ee728b)
Start importing Assets/button_true-only-now.png using Guid(1bd5f1330a931d94b9b76a1972103810) Importer(815301076,1909f56bfc062723c751e8b465ee728b)  -> (artifact id: 'fcb0c79308f6279ec8969e35f39577ea') in 0.025879 seconds 
  Import took 0.029993 seconds .

========================================================================
Received Import Request.
  Time since last request: 0.000241 seconds.
  path: Assets/button_true-only-when-younger.png
  artifactKey: Guid(eb9083a9f3e000f4a8ef4da4a4f1863d) Importer(815301076,1909f56bfc062723c751e8b465ee728b)
Start importing Assets/button_true-only-when-younger.png using Guid(eb9083a9f3e000f4a8ef4da4a4f1863d) Importer(815301076,1909f56bfc062723c751e8b465ee728b)  -> (artifact id: '4bd9249deeabc518656a310f8b398151') in 0.018907 seconds 
  Import took 0.022850 seconds .

========================================================================
Received Import Request.
  Time since last request: 383.754810 seconds.
  path: Assets/button_never-true.png
  artifactKey: Guid(73b78344e62c4a84884251434a2112f9) Importer(815301076,1909f56bfc062723c751e8b465ee728b)
Start importing Assets/button_never-true.png using Guid(73b78344e62c4a84884251434a2112f9) Importer(815301076,1909f56bfc062723c751e8b465ee728b)  -> (artifact id: 'e0ccdbbce22d061399ca39cd4d1ef042') in 0.173014 seconds 
  Import took 0.183833 seconds .

========================================================================
Received Import Request.
  Time since last request: 0.000670 seconds.
  path: Assets/button_true-both-now-when-younger.png
  artifactKey: Guid(1b878c60521fe824a964bbac0a318de9) Importer(815301076,1909f56bfc062723c751e8b465ee728b)
Start importing Assets/button_true-both-now-when-younger.png using Guid(1b878c60521fe824a964bbac0a318de9) Importer(815301076,1909f56bfc062723c751e8b465ee728b)  -> (artifact id: '7196388efa08e857718fd82a32a52612') in 0.033009 seconds 
  Import took 0.036592 seconds .

========================================================================
Received Import Request.
  Time since last request: 0.000275 seconds.
  path: Assets/button_they-have-trouble-working-with-others-in-group-activities.png
  artifactKey: Guid(ae03e0b486980ad439bea14ea1aff0da) Importer(815301076,1909f56bfc062723c751e8b465ee728b)
Start importing Assets/button_they-have-trouble-working-with-others-in-group-activities.png using Guid(ae03e0b486980ad439bea14ea1aff0da) Importer(815301076,1909f56bfc062723c751e8b465ee728b)  -> (artifact id: 'ea7dfbb6273d057d0ede2a93dcc7e91a') in 0.016642 seconds 
  Import took 0.019902 seconds .

========================================================================
Received Import Request.
  Time since last request: 0.000378 seconds.
  path: Assets/button_they-have-a-hard-time-figuring-out-what-others-expect-of-them.png
  artifactKey: Guid(935db90d8900528429e68f4e6e632868) Importer(815301076,1909f56bfc062723c751e8b465ee728b)
Start importing Assets/button_they-have-a-hard-time-figuring-out-what-others-expect-of-them.png using Guid(935db90d8900528429e68f4e6e632868) Importer(815301076,1909f56bfc062723c751e8b465ee728b)  -> (artifact id: 'a84eeb9236939d0376cbaa0b3360edb5') in 0.016509 seconds 
  Import took 0.020410 seconds .

========================================================================
Received Import Request.
  Time since last request: 0.000426 seconds.
  path: Assets/button_true-only-now.png
  artifactKey: Guid(1bd5f1330a931d94b9b76a1972103810) Importer(815301076,1909f56bfc062723c751e8b465ee728b)
Start importing Assets/button_true-only-now.png using Guid(1bd5f1330a931d94b9b76a1972103810) Importer(815301076,1909f56bfc062723c751e8b465ee728b)  -> (artifact id: 'c966f932ad6fec6a24ccd0a3c42a1592') in 0.033696 seconds 
  Import took 0.037236 seconds .

========================================================================
Received Import Request.
  Time since last request: 0.000259 seconds.
  path: Assets/button_true-only-when-younger.png
  artifactKey: Guid(eb9083a9f3e000f4a8ef4da4a4f1863d) Importer(815301076,1909f56bfc062723c751e8b465ee728b)
Start importing Assets/button_true-only-when-younger.png using Guid(eb9083a9f3e000f4a8ef4da4a4f1863d) Importer(815301076,1909f56bfc062723c751e8b465ee728b)  -> (artifact id: '19b0fb0e513fe93782be31768f980338') in 0.026535 seconds 
  Import took 0.030305 seconds .

========================================================================
Received Prepare
Registering precompiled user dll's ...
Registered in 0.015249 seconds.
Begin MonoManager ReloadAssembly
Native extension for WindowsStandalone target not found
Refreshing native plugins compatible for Editor in 0.65 ms, found 2 plugins.
Preloading 0 native plugins for Editor in 0.00 ms.
Mono: successfully reloaded assembly
- Completed reload, in  2.584 seconds
Platform modules already initialized, skipping
Switching build target platform(19) subTarget(0) extendedPlatform(0) -> platform(13) subTarget(524288) extendedPlatform(0)
Refreshing native plugins compatible for Editor in 0.71 ms, found 2 plugins.
Preloading 0 native plugins for Editor in 0.00 ms.
Unloading 1789 Unused Serialized files (Serialized files now loaded: 0)
System memory in use before: 80.9 MB.
System memory in use after: 81.0 MB.

Unloading 16 unused Assets to reduce memory usage. Loaded Objects now: 2260.
Total: 7.166200 ms (FindLiveObjects: 0.298000 ms CreateObjectMapping: 0.090400 ms MarkObjects: 6.550900 ms  DeleteObjects: 0.223200 ms)

AssetImportParameters requested are different than current active one (requested -> active):
  custom:framework-win-MediaFoundation: 216162199b28c13a410421893ffa2e32 -> 
  custom:video-decoder-ogg-theora: a1e56fd34408186e4bbccfd4996cb3dc -> 
  custom:container-muxer-webm: aa71ff27fc2769a1b78a27578f13a17b -> 
  custom:container-demuxer-webm: 4f35f7cbe854078d1ac9338744f61a02 -> 
  custom:container-demuxer-ogg: 62fdf1f143b41e24485cea50d1cbac27 -> 
  custom:video-encoder-webm-vp8: eb34c28f22e8b96e1ab97ce403110664 -> 
  custom:video-decoder-webm-vp8: 9c59270c3fd7afecdb556c50c9e8de78 -> 
  custom:graphics/normal-map-encoding: 01000000000000000000000000000000 -> 02000000000000000000000000000000
  custom:audio-decoder-ogg-vorbis: bf7c407c2cedff20999df2af8eb42d56 -> 
  custom:audio-encoder-webm-vorbis: bf7c407c2cedff20999df2af8eb42d56 -> 
========================================================================
Received Import Request.
  Time since last request: 2098.009970 seconds.
  path: Assets/5a1d43be3693a8.0545425515118673262236.png
  artifactKey: Guid(24ac5e810650aa146928776ac2a14960) Importer(815301076,1909f56bfc062723c751e8b465ee728b)
Start importing Assets/5a1d43be3693a8.0545425515118673262236.png using Guid(24ac5e810650aa146928776ac2a14960) Importer(815301076,1909f56bfc062723c751e8b465ee728b)  -> (artifact id: '581fdeab25164b510433e6a98989232e') in 0.181315 seconds 
  Import took 0.194430 seconds .

========================================================================
Received Import Request.
  Time since last request: 8.273691 seconds.
  path: Assets/5a1d4346774339.3098097215118672064885.png
  artifactKey: Guid(d96fb254062c33a41bb3bc71155a4ad5) Importer(815301076,1909f56bfc062723c751e8b465ee728b)
Start importing Assets/5a1d4346774339.3098097215118672064885.png using Guid(d96fb254062c33a41bb3bc71155a4ad5) Importer(815301076,1909f56bfc062723c751e8b465ee728b)  -> (artifact id: '9948999a3cd8110a88546de9c01f9848') in 0.114769 seconds 
  Import took 0.124092 seconds .

========================================================================
Received Import Request.
  Time since last request: 4.748898 seconds.
  path: Assets/buzzer-or-wrong-answer-20582.mp3
  artifactKey: Guid(125ce3cd7993d114d8ac9219ebeb2a86) Importer(815301076,1909f56bfc062723c751e8b465ee728b)
Start importing Assets/buzzer-or-wrong-answer-20582.mp3 using Guid(125ce3cd7993d114d8ac9219ebeb2a86) Importer(815301076,1909f56bfc062723c751e8b465ee728b)  -> (artifact id: '255ef7f89dee0e71ed5d9f86a5f14b4f') in 0.118629 seconds 
  Import took 0.124848 seconds .

========================================================================
Received Import Request.
  Time since last request: 4.067224 seconds.
  path: Assets/correct-6033 (1).mp3
  artifactKey: Guid(601e2c3bb4100cd4685611c4739e1876) Importer(815301076,1909f56bfc062723c751e8b465ee728b)
Start importing Assets/correct-6033 (1).mp3 using Guid(601e2c3bb4100cd4685611c4739e1876) Importer(815301076,1909f56bfc062723c751e8b465ee728b)  -> (artifact id: 'b6fe9879a4e802979df86b1736366da8') in 0.021534 seconds 
  Import took 0.027624 seconds .

========================================================================
Received Import Request.
  Time since last request: 0.003965 seconds.
  path: Assets/correct-6033 (1).mp3
  artifactKey: Guid(601e2c3bb4100cd4685611c4739e1876) Importer(815301076,1909f56bfc062723c751e8b465ee728b)
Start importing Assets/correct-6033 (1).mp3 using Guid(601e2c3bb4100cd4685611c4739e1876) Importer(815301076,1909f56bfc062723c751e8b465ee728b)  -> (artifact id: 'b6fe9879a4e802979df86b1736366da8') in 0.014503 seconds 
  Import took 0.019608 seconds .

========================================================================
Received Import Request.
  Time since last request: 19.508869 seconds.
  path: Assets/5a2245b1715e40.6948349115121955054644.png
  artifactKey: Guid(dcbb5f9062c94874cbaceae24b128581) Importer(815301076,1909f56bfc062723c751e8b465ee728b)
Start importing Assets/5a2245b1715e40.6948349115121955054644.png using Guid(dcbb5f9062c94874cbaceae24b128581) Importer(815301076,1909f56bfc062723c751e8b465ee728b)  -> (artifact id: '5f693faea201678eb47e1ac858575bc6') in 0.044421 seconds 
  Import took 0.057475 seconds .

========================================================================
Received Import Request.
  Time since last request: 6.099754 seconds.
  path: Assets/kisspng-scalable-vector-graphics-check-mark-clip-art-green-tick-transparent-png-5a756eee0172b8.237112151517645550006.png
  artifactKey: Guid(f65bf5bcd4992634d9eafe4871265028) Importer(815301076,1909f56bfc062723c751e8b465ee728b)
Start importing Assets/kisspng-scalable-vector-graphics-check-mark-clip-art-green-tick-transparent-png-5a756eee0172b8.237112151517645550006.png using Guid(f65bf5bcd4992634d9eafe4871265028) Importer(815301076,1909f56bfc062723c751e8b465ee728b)  -> (artifact id: '1ef7349c918d277039519daf68237ccb') in 0.043879 seconds 
  Import took 0.054400 seconds .

========================================================================
Received Import Request.
  Time since last request: 0.001963 seconds.
  path: Assets/kisspng-scalable-vector-graphics-check-mark-clip-art-green-tick-transparent-png-5a756eee0172b8.237112151517645550006.png
  artifactKey: Guid(f65bf5bcd4992634d9eafe4871265028) Importer(815301076,1909f56bfc062723c751e8b465ee728b)
Start importing Assets/kisspng-scalable-vector-graphics-check-mark-clip-art-green-tick-transparent-png-5a756eee0172b8.237112151517645550006.png using Guid(f65bf5bcd4992634d9eafe4871265028) Importer(815301076,1909f56bfc062723c751e8b465ee728b)  -> (artifact id: '1ef7349c918d277039519daf68237ccb') in 0.021192 seconds 
  Import took 0.026950 seconds .

========================================================================
Received Import Request.
  Time since last request: 100.148835 seconds.
  path: Assets/5a2245b1715e40.6948349115121955054644.png
  artifactKey: Guid(dcbb5f9062c94874cbaceae24b128581) Importer(815301076,1909f56bfc062723c751e8b465ee728b)
Start importing Assets/5a2245b1715e40.6948349115121955054644.png using Guid(dcbb5f9062c94874cbaceae24b128581) Importer(815301076,1909f56bfc062723c751e8b465ee728b)  -> (artifact id: '393b610df1480e2bf0c6c41fff2e4e03') in 0.049533 seconds 
  Import took 0.054642 seconds .

========================================================================
Received Import Request.
  Time since last request: 0.000377 seconds.
  path: Assets/kisspng-scalable-vector-graphics-check-mark-clip-art-green-tick-transparent-png-5a756eee0172b8.237112151517645550006.png
  artifactKey: Guid(f65bf5bcd4992634d9eafe4871265028) Importer(815301076,1909f56bfc062723c751e8b465ee728b)
Start importing Assets/kisspng-scalable-vector-graphics-check-mark-clip-art-green-tick-transparent-png-5a756eee0172b8.237112151517645550006.png using Guid(f65bf5bcd4992634d9eafe4871265028) Importer(815301076,1909f56bfc062723c751e8b465ee728b)  -> (artifact id: 'b65fe6921b87782cb51e905a42727f0a') in 0.019706 seconds 
  Import took 0.023246 seconds .

========================================================================
Received Import Request.
  Time since last request: 854.037610 seconds.
  path: Assets/button (1).png
  artifactKey: Guid(19d964ebf44e3694c88624dbfd79f5e9) Importer(815301076,1909f56bfc062723c751e8b465ee728b)
Start importing Assets/button (1).png using Guid(19d964ebf44e3694c88624dbfd79f5e9) Importer(815301076,1909f56bfc062723c751e8b465ee728b)  -> (artifact id: '1d5fa1ea81f2ecf93a44881951be8395') in 0.047377 seconds 
  Import took 0.056801 seconds .

========================================================================
Received Import Request.
  Time since last request: 0.000380 seconds.
  path: Assets/button_all-of-the-above.png
  artifactKey: Guid(14827b400fab9ba4b8e0ce820b1c20d6) Importer(815301076,1909f56bfc062723c751e8b465ee728b)
Start importing Assets/button_all-of-the-above.png using Guid(14827b400fab9ba4b8e0ce820b1c20d6) Importer(815301076,1909f56bfc062723c751e8b465ee728b)  -> (artifact id: '76c607a2fb5c7952f0d88565538d0f7d') in 0.018373 seconds 
  Import took 0.023471 seconds .

========================================================================
Received Import Request.
  Time since last request: 0.000356 seconds.
  path: Assets/button (2).png
  artifactKey: Guid(3e46d02643c7aa9479fddb19b8008286) Importer(815301076,1909f56bfc062723c751e8b465ee728b)
Start importing Assets/button (2).png using Guid(3e46d02643c7aa9479fddb19b8008286) Importer(815301076,1909f56bfc062723c751e8b465ee728b)  -> (artifact id: 'f6df02a9783477b533eaae3031c4de7b') in 0.022090 seconds 
  Import took 0.027316 seconds .

========================================================================
Received Import Request.
  Time since last request: 0.000338 seconds.
  path: Assets/button.png
  artifactKey: Guid(07722970328a4b84d941a9abb2ef7cc0) Importer(815301076,1909f56bfc062723c751e8b465ee728b)
Start importing Assets/button.png using Guid(07722970328a4b84d941a9abb2ef7cc0) Importer(815301076,1909f56bfc062723c751e8b465ee728b)  -> (artifact id: '02c547a2a9e6beb8a093cf889e0a08d1') in 0.043199 seconds 
  Import took 0.049239 seconds .

========================================================================
Received Import Request.
  Time since last request: 0.000431 seconds.
  path: Assets/button (2).png
  artifactKey: Guid(3e46d02643c7aa9479fddb19b8008286) Importer(815301076,1909f56bfc062723c751e8b465ee728b)
Start importing Assets/button (2).png using Guid(3e46d02643c7aa9479fddb19b8008286) Importer(815301076,1909f56bfc062723c751e8b465ee728b)  -> (artifact id: 'f6df02a9783477b533eaae3031c4de7b') in 0.015725 seconds 
  Import took 0.021698 seconds .

========================================================================
Received Import Request.
  Time since last request: 0.000645 seconds.
  path: Assets/button_depression-can-occur-at-what-ages.png
  artifactKey: Guid(5ca065b96091a7e478c78f3bb7ee1846) Importer(815301076,1909f56bfc062723c751e8b465ee728b)
Start importing Assets/button_depression-can-occur-at-what-ages.png using Guid(5ca065b96091a7e478c78f3bb7ee1846) Importer(815301076,1909f56bfc062723c751e8b465ee728b)  -> (artifact id: 'f92eb2464b0c436ed342d5d5201bd0f9') in 0.040406 seconds 
  Import took 0.047295 seconds .

========================================================================
Received Import Request.
  Time since last request: 23.299017 seconds.
  path: Assets/button.png
  artifactKey: Guid(07722970328a4b84d941a9abb2ef7cc0) Importer(815301076,1909f56bfc062723c751e8b465ee728b)
Start importing Assets/button.png using Guid(07722970328a4b84d941a9abb2ef7cc0) Importer(815301076,1909f56bfc062723c751e8b465ee728b)  -> (artifact id: '555a458796cef5ece5b1f8dc252939f9') in 0.038168 seconds 
  Import took 0.043747 seconds .

========================================================================
Received Import Request.
  Time since last request: 0.000503 seconds.
  path: Assets/button (1).png
  artifactKey: Guid(19d964ebf44e3694c88624dbfd79f5e9) Importer(815301076,1909f56bfc062723c751e8b465ee728b)
Start importing Assets/button (1).png using Guid(19d964ebf44e3694c88624dbfd79f5e9) Importer(815301076,1909f56bfc062723c751e8b465ee728b)  -> (artifact id: 'a7c12c25dfb9e43e0ac2128d59b7fc8e') in 0.041501 seconds 
  Import took 0.046264 seconds .

========================================================================
Received Import Request.
  Time since last request: 0.000540 seconds.
  path: Assets/button_all-of-the-above.png
  artifactKey: Guid(14827b400fab9ba4b8e0ce820b1c20d6) Importer(815301076,1909f56bfc062723c751e8b465ee728b)
Start importing Assets/button_all-of-the-above.png using Guid(14827b400fab9ba4b8e0ce820b1c20d6) Importer(815301076,1909f56bfc062723c751e8b465ee728b)  -> (artifact id: '0e6d2ec63e3a7c89667f206a2c70c5bf') in 0.027646 seconds 
  Import took 0.031846 seconds .

========================================================================
Received Import Request.
  Time since last request: 0.000412 seconds.
  path: Assets/button (2).png
  artifactKey: Guid(3e46d02643c7aa9479fddb19b8008286) Importer(815301076,1909f56bfc062723c751e8b465ee728b)
Start importing Assets/button (2).png using Guid(3e46d02643c7aa9479fddb19b8008286) Importer(815301076,1909f56bfc062723c751e8b465ee728b)  -> (artifact id: '15d7d1be73515a9c78240e1e6821b8b2') in 0.027986 seconds 
  Import took 0.031759 seconds .

========================================================================
Received Import Request.
  Time since last request: 0.000230 seconds.
  path: Assets/button_depression-can-occur-at-what-ages.png
  artifactKey: Guid(5ca065b96091a7e478c78f3bb7ee1846) Importer(815301076,1909f56bfc062723c751e8b465ee728b)
Start importing Assets/button_depression-can-occur-at-what-ages.png using Guid(5ca065b96091a7e478c78f3bb7ee1846) Importer(815301076,1909f56bfc062723c751e8b465ee728b)  -> (artifact id: '74904e7924536ebe32852eea6509cb14') in 0.016934 seconds 
  Import took 0.019893 seconds .

========================================================================
Received Prepare
Refreshing native plugins compatible for Editor in 8.98 ms, found 2 plugins.
Preloading 0 native plugins for Editor in 0.00 ms.
Unloading 13 Unused Serialized files (Serialized files now loaded: 0)
System memory in use before: 46.0 MB.
System memory in use after: 46.1 MB.

Unloading 12 unused Assets to reduce memory usage. Loaded Objects now: 2275.
Total: 9.807000 ms (FindLiveObjects: 0.249700 ms CreateObjectMapping: 0.094500 ms MarkObjects: 9.252600 ms  DeleteObjects: 0.207100 ms)

AssetImportParameters requested are different than current active one (requested -> active):
  custom:framework-win-MediaFoundation: 216162199b28c13a410421893ffa2e32 -> 
  custom:video-decoder-ogg-theora: a1e56fd34408186e4bbccfd4996cb3dc -> 
  custom:container-muxer-webm: aa71ff27fc2769a1b78a27578f13a17b -> 
  custom:container-demuxer-webm: 4f35f7cbe854078d1ac9338744f61a02 -> 
  custom:container-demuxer-ogg: 62fdf1f143b41e24485cea50d1cbac27 -> 
  custom:video-encoder-webm-vp8: eb34c28f22e8b96e1ab97ce403110664 -> 
  custom:video-decoder-webm-vp8: 9c59270c3fd7afecdb556c50c9e8de78 -> 
  custom:audio-decoder-ogg-vorbis: bf7c407c2cedff20999df2af8eb42d56 -> 
  custom:audio-encoder-webm-vorbis: bf7c407c2cedff20999df2af8eb42d56 -> 
AssetImportWorkerClient::OnTransportError - code=2 error=End of file
